\BOOKMARK [0][-]{section*.7}{Introducci\363n}{}% 1
\BOOKMARK [0][-]{chapter.1}{Directorio \332nico}{}% 2
\BOOKMARK [1][-]{section.1.1}{Surgimiento del Directorio \332nico}{chapter.1}% 3
\BOOKMARK [0][-]{chapter.2}{Estado del arte}{}% 4
\BOOKMARK [1][-]{section.2.1}{EA1}{chapter.2}% 5
\BOOKMARK [1][-]{section.2.2}{EA2}{chapter.2}% 6
\BOOKMARK [1][-]{section.2.3}{EA3}{chapter.2}% 7
\BOOKMARK [1][-]{section.2.4}{EA4}{chapter.2}% 8
\BOOKMARK [1][-]{section.2.5}{EA5}{chapter.2}% 9
\BOOKMARK [0][-]{chapter.3}{Implementaci\363n del sistema}{}% 10
\BOOKMARK [1][-]{section.3.1}{Consideraciones previas}{chapter.3}% 11
\BOOKMARK [1][-]{section.3.2}{SI2}{chapter.3}% 12
\BOOKMARK [1][-]{section.3.3}{SI3}{chapter.3}% 13
\BOOKMARK [2][-]{subsection.3.3.1}{SI3.1}{section.3.3}% 14
\BOOKMARK [2][-]{subsection.3.3.2}{SI3.2}{section.3.3}% 15
\BOOKMARK [2][-]{subsection.3.3.3}{SI3.3}{section.3.3}% 16
\BOOKMARK [1][-]{section.3.4}{Desarrollo de la soluci\363n}{chapter.3}% 17
\BOOKMARK [0][-]{chapter.4}{Experimentaci\363n y Resultados}{}% 18
\BOOKMARK [1][-]{section.4.1}{Configuraci\363n}{chapter.4}% 19
\BOOKMARK [1][-]{section.4.2}{Experimentaci\363n}{chapter.4}% 20
\BOOKMARK [1][-]{section.4.3}{Metodolog\355a para medir rendimiento de Squid}{chapter.4}% 21
\BOOKMARK [0][-]{section*.34}{Recomendaciones}{}% 22
\BOOKMARK [0][-]{section*.36}{Conclusiones}{}% 23
